<?xml version="1.0" encoding="utf-8"?>
<UpgradeLog Upgraded="True">
  <Settings>
    <Setting Name="LogFile" Value="ReportPhantom.log" />
    <Setting Name="GenerateInterfacesForClasses" Value="FALSE" />
    <Setting Name="ProjectName" Value="ReportPhantom" />
    <Setting Name="OutputName" Value="ReportPhantom.csproj" />
    <Setting Name="OutputDir" Value="Z:\Systems Administration\Walter\Report Phantom_.Net\Upgraded\" />
    <Setting Name="ProjectPath" Value="Z:\Systems Administration\Walter\Report Phantom\ReportPhantom.vbp" />
    <Setting Name="MigrateProjectTo" Value="WinExe" />
  </Settings>
  <File OldPath="Z:\Systems Administration\Walter\Report Phantom\mSubs.bas" NewPath="Z:\Systems Administration\Walter\Report Phantom_.Net\Upgraded\mSubs.cs" FileType="Module" Upgraded="True">
    <Section Name="D3ErrMsg">
      <Issue Type="Runtime" Number="2081" ObjectName="Information.Err" ObjectType="ErrObject" PME="Number" Qty="1">Err.Number has a new behavior.</Issue>
      <Issue Type="ToDo" Number="1065" Qty="1">Error handling statement (Resume Next) could not be converted.</Issue>
    </Section>
    <Section Name="GenerateReport">
      <Issue Type="Runtime" Number="2081" ObjectName="Information.Err" ObjectType="ErrObject" PME="Number" Qty="1">Err.Number has a new behavior.</Issue>
      <Issue Type="ToDo" Number="1065" Qty="1">Error handling statement (Resume Next) could not be converted.</Issue>
    </Section>
    <Section Name="Main">
      <Issue Type="Runtime" Number="1047" Qty="1">Application will terminate when Sub Main() finishes.</Issue>
      <Issue Type="ToDo" Number="1065" Qty="1">Error handling statement (Resume Next) could not be converted.</Issue>
    </Section>
    <Section Name="SetupReportParms">
      <Issue Type="ToDo" Number="1065" Qty="1">Error handling statement (Resume Next) could not be converted.</Issue>
    </Section>
    <Section Name="SysErrMsg">
      <Issue Type="Runtime" Number="2081" ObjectName="Information.Err" ObjectType="ErrObject" PME="Number" Qty="2">Err.Number has a new behavior.</Issue>
    </Section>
    <Section Name="GetParms">
      <Issue Type="Runtime" Number="6021" Qty="1">Casting 'int' to Enum may cause different behaviour.</Issue>
      <Issue Type="ToDo" Number="1065" Qty="1">Error handling statement (Resume Next) could not be converted.</Issue>
    </Section>
    <Section Name="PrintReport">
      <Issue Type="Runtime" Number="6021" Qty="2">Casting 'int' to Enum may cause different behaviour.</Issue>
      <Issue Type="ToDo" Number="1065" Qty="1">Error handling statement (Resume Next) could not be converted.</Issue>
    </Section>
    <Section Name="ValidPath">
      <Issue Type="ToDo" Number="1065" Qty="1">Error handling statement (Resume Next) could not be converted.</Issue>
    </Section>
  </File>
  <File OldPath="Z:\Systems Administration\Walter\Report Phantom\Main.frm" NewPath="Z:\Systems Administration\Walter\Report Phantom_.Net\Upgraded\Main.cs" FileType="Form" Upgraded="True">
    <Section Name="(Layout)">
      <Issue Type="Design" Number="2064" ObjectName="cmdCRFilename" ObjectType="CommandButton" PME="MaskColor" Qty="1">CommandButton property cmdCRFilename.MaskColor was not upgraded.</Issue>
    </Section>
    <Section Name="cmdCRFilename_Click">
      <Issue Type="Compile" Number="6012" Qty="1">CommonDialog variable was not upgraded</Issue>
      <Issue Type="Runtime" Number="2081" Qty="1">Filter has a new behavior.</Issue>
    </Section>
    <Section Name="Form_Load">
      <Issue Type="Runtime" Number="2080" ObjectType="Form" PME="Load" Qty="1">Form_Load event was upgraded to Form_Load method and has a new behavior.</Issue>
    </Section>
  </File>
  <File OldPath="Z:\Systems Administration\Walter\Report Phantom\mVars.bas" NewPath="Z:\Systems Administration\Walter\Report Phantom_.Net\Upgraded\mVars.cs" FileType="Module" Upgraded="True" />
  <File OldPath="Z:\Systems Administration\Walter\Report Phantom\ReportView.frm" NewPath="Z:\Systems Administration\Walter\Report Phantom_.Net\Upgraded\ReportView.cs" FileType="Form" Upgraded="True">
    <Section Name="Form_Load">
      <Issue Type="Runtime" Number="2080" ObjectType="Form" PME="Load" Qty="1">Form_Load event was upgraded to Form_Load method and has a new behavior.</Issue>
    </Section>
  </File>
  <File OldPath="Z:\Systems Administration\Walter\Report Phantom\D3Defs.bas" NewPath="Z:\Systems Administration\Walter\Report Phantom_.Net\Upgraded\D3Defs.cs" FileType="Module" Upgraded="True" />
  <File OldPath="Z:\Systems Administration\Walter\Report Phantom\D3Global.bas" NewPath="Z:\Systems Administration\Walter\Report Phantom_.Net\Upgraded\D3Global.cs" FileType="Module" Upgraded="True" />
  <Issue Type="Global Warning" Number="1038" Qty="5">Default Properties (Late Binding) will be resolved using a Helper.</Issue>
</UpgradeLog>

